============================= test session starts =============================
platform win32 -- Python 3.11.0, pytest-8.4.2, pluggy-1.6.0 -- C:\Program Files\Python311\python.exe
rootdir: D:\PROJECTS\rob_box_project\.claude\worktrees\bold-euclid-d12b51\src\rob_box_voice
configfile: pytest.ini
plugins: anyio-4.14.2, asyncio-1.4.0, cov-7.1.0
asyncio: mode=Mode.STRICT, debug=False, asyncio_default_fixture_loop_scope=None, asyncio_default_test_loop_scope=function
collecting ... collected 136 items

src\rob_box_voice\test\unit\utils\test_speaker_embeddings.py::TestRegisterNameValidation::test_register_rejects_junk_names[] PASSED [  0%]
src\rob_box_voice\test\unit\utils\test_speaker_embeddings.py::TestRegisterNameValidation::test_register_rejects_junk_names[   ] PASSED [  1%]
src\rob_box_voice\test\unit\utils\test_speaker_embeddings.py::TestRegisterNameValidation::test_register_rejects_junk_names[\u0417\u043e\u0432\u0443\u0442] PASSED [  2%]
src\rob_box_voice\test\unit\utils\test_speaker_embeddings.py::TestRegisterNameValidation::test_register_rejects_junk_names[\u0437\u043e\u0432\u0443\u0442] PASSED [  2%]
src\rob_box_voice\test\unit\utils\test_speaker_embeddings.py::TestRegisterNameValidation::test_register_rejects_junk_names[\u0438\u043c\u044f] PASSED [  3%]
src\rob_box_voice\test\unit\utils\test_speaker_embeddings.py::TestRegisterNameValidation::test_register_rejects_junk_names[\u043c\u0435\u043d\u044f] PASSED [  4%]
src\rob_box_voice\test\unit\utils\test_speaker_embeddings.py::TestRegisterNameValidation::test_register_rejects_junk_names[\u044d\u0442\u043e] PASSED [  5%]
src\rob_box_voice\test\unit\utils\test_speaker_embeddings.py::TestRegisterNameValidation::test_register_rejects_junk_names[\u043c\u043e\u0451 \u0438\u043c\u044f] PASSED [  5%]
src\rob_box_voice\test\unit\utils\test_speaker_embeddings.py::TestRegisterNameValidation::test_register_rejects_junk_names[Null] PASSED [  6%]
src\rob_box_voice\test\unit\utils\test_speaker_embeddings.py::TestRegisterNameValidation::test_register_rejects_junk_names[None] PASSED [  7%]
src\rob_box_voice\test\unit\utils\test_speaker_embeddings.py::TestRegisterNameValidation::test_register_rejects_junk_names[unknown] PASSED [  8%]
src\rob_box_voice\test\unit\utils\test_speaker_embeddings.py::TestRegisterNameValidation::test_register_rejects_junk_names[undefined] PASSED [  8%]
src\rob_box_voice\test\unit\utils\test_speaker_embeddings.py::TestRegisterNameValidation::test_register_rejects_too_short_names PASSED [  9%]
src\rob_box_voice\test\unit\utils\test_speaker_embeddings.py::TestRegisterNameValidation::test_register_accepts_minimum_length_name PASSED [ 10%]
src\rob_box_voice\test\unit\utils\test_speaker_embeddings.py::TestRegisterNameValidation::test_register_normalises_lowercase_name PASSED [ 11%]
src\rob_box_voice\test\unit\utils\test_speaker_embeddings.py::TestRegisterNameValidation::test_register_strips_whitespace PASSED [ 11%]
src\rob_box_voice\test\unit\utils\test_speaker_embeddings.py::TestRegisterNameValidation::test_register_or_merge_also_validates_name PASSED [ 12%]
src\rob_box_voice\test\unit\utils\test_speaker_embeddings.py::TestRegisterNameValidation::test_register_happy_paths_unaffected PASSED [ 13%]
src\rob_box_voice\test\unit\utils\test_speaker_embeddings.py::TestRegister::test_register_creates_speaker_and_embedding PASSED [ 13%]
src\rob_box_voice\test\unit\utils\test_speaker_embeddings.py::TestRegister::test_register_existing_id_adds_embedding PASSED [ 14%]
src\rob_box_voice\test\unit\utils\test_speaker_embeddings.py::TestIdentify::test_same_voice_matches_high_confidence PASSED [ 15%]
src\rob_box_voice\test\unit\utils\test_speaker_embeddings.py::TestIdentify::test_close_voice_matches_above_threshold PASSED [ 16%]
src\rob_box_voice\test\unit\utils\test_speaker_embeddings.py::TestIdentify::test_different_voice_below_threshold PASSED [ 16%]
src\rob_box_voice\test\unit\utils\test_speaker_embeddings.py::TestIdentify::test_no_speakers_returns_none PASSED [ 17%]
src\rob_box_voice\test\unit\utils\test_speaker_embeddings.py::TestRenameListDelete::test_rename PASSED [ 18%]
src\rob_box_voice\test\unit\utils\test_speaker_embeddings.py::TestRenameListDelete::test_rename_missing_returns_false PASSED [ 19%]
src\rob_box_voice\test\unit\utils\test_speaker_embeddings.py::TestRenameListDelete::test_rename_by_name PASSED [ 19%]
src\rob_box_voice\test\unit\utils\test_speaker_embeddings.py::TestRenameListDelete::test_rename_by_name_case_insensitive PASSED [ 20%]
src\rob_box_voice\test\unit\utils\test_speaker_embeddings.py::TestRenameListDelete::test_rename_by_name_missing_returns_none PASSED [ 21%]
src\rob_box_voice\test\unit\utils\test_speaker_embeddings.py::TestRenameListDelete::test_list_speakers_counts_embeddings PASSED [ 22%]
src\rob_box_voice\test\unit\utils\test_speaker_embeddings.py::TestRenameListDelete::test_delete_speaker PASSED [ 22%]
src\rob_box_voice\test\unit\utils\test_speaker_embeddings.py::TestDuplicateVoiceBug::test_raw_register_always_creates_new_profile_even_for_same_voice PASSED [ 23%]
src\rob_box_voice\test\unit\utils\test_speaker_embeddings.py::TestDuplicateVoiceBug::test_register_or_merge_reuses_existing_profile_for_same_voice PASSED [ 24%]
src\rob_box_voice\test\unit\utils\test_speaker_embeddings.py::TestDuplicateVoiceBug::test_register_or_merge_appends_embeddings_at_db_level PASSED [ 25%]
src\rob_box_voice\test\unit\utils\test_speaker_embeddings.py::TestDuplicateVoiceBug::test_register_or_merge_does_not_drift_across_repeated_degraded_utterances PASSED [ 25%]
src\rob_box_voice\test\unit\utils\test_speaker_embeddings.py::TestDuplicateVoiceBug::test_register_or_merge_keeps_different_speakers_separate PASSED [ 26%]
src\rob_box_voice\test\unit\utils\test_speaker_embeddings.py::TestDuplicateVoiceBug::test_register_or_merge_honours_explicit_speaker_id PASSED [ 27%]
src\rob_box_voice\test\unit\utils\test_speaker_embeddings.py::TestNameConflictADR0127::test_similar_voice_with_other_name_is_not_merged PASSED [ 27%]
src\rob_box_voice\test\unit\utils\test_speaker_embeddings.py::TestNameConflictADR0127::test_conflict_details_are_returned PASSED [ 28%]
src\rob_box_voice\test\unit\utils\test_speaker_embeddings.py::TestNameConflictADR0127::test_merge_keeps_stored_spelling_of_the_name PASSED [ 29%]
src\rob_box_voice\test\unit\utils\test_speaker_embeddings.py::TestNameConflictADR0127::test_legacy_junk_name_profile_does_not_absorb_new_speakers PASSED [ 30%]
src\rob_box_voice\test\unit\utils\test_speaker_embeddings.py::TestRegisterPreservesProfileMetadata::test_explicit_id_preserves_epithet_and_stats PASSED [ 30%]
src\rob_box_voice\test\unit\utils\test_speaker_embeddings.py::TestRegisterPreservesProfileMetadata::test_explicit_id_does_not_overwrite_created_at PASSED [ 31%]
src\rob_box_voice\test\unit\utils\test_speaker_embeddings.py::TestRegisterPreservesProfileMetadata::test_merge_path_preserves_epithet PASSED [ 32%]
src\rob_box_voice\test\unit\utils\test_speaker_embeddings.py::TestRegisterPreservesProfileMetadata::test_explicit_id_still_renames PASSED [ 33%]
src\rob_box_voice\test\unit\utils\test_speaker_embeddings.py::TestRegisterOrMergeBelowThreshold::test_register_or_merge_creates_new_profile_when_below_threshold[cos~0.5] PASSED [ 33%]
src\rob_box_voice\test\unit\utils\test_speaker_embeddings.py::TestRegisterOrMergeBelowThreshold::test_register_or_merge_creates_new_profile_when_below_threshold[cos~0.3] PASSED [ 34%]
src\rob_box_voice\test\unit\utils\test_speaker_embeddings.py::TestRegisterOrMergeBelowThreshold::test_orthogonal_voice_creates_new_profile_without_touching_old PASSED [ 35%]
src\rob_box_voice\test\unit\utils\test_speaker_embeddings.py::TestIdentifyCandidatesDiagnostics::test_empty_db_returns_empty_list PASSED [ 36%]
src\rob_box_voice\test\unit\utils\test_speaker_embeddings.py::TestIdentifyCandidatesDiagnostics::test_returns_top_n_sorted_desc PASSED [ 36%]
src\rob_box_voice\test\unit\utils\test_speaker_embeddings.py::TestIdentifyCandidatesDiagnostics::test_identify_accepts_custom_threshold PASSED [ 37%]
src\rob_box_voice\test\unit\utils\test_speaker_embeddings.py::TestMergeSpeakers::test_merge_moves_embeddings_and_deletes_src PASSED [ 38%]
src\rob_box_voice\test\unit\utils\test_speaker_embeddings.py::TestMergeSpeakers::test_merged_voice_now_identifies_as_dst PASSED [ 38%]
src\rob_box_voice\test\unit\utils\test_speaker_embeddings.py::TestMergeSpeakers::test_merge_noop_when_src_equals_dst PASSED [ 39%]
src\rob_box_voice\test\unit\utils\test_speaker_embeddings.py::TestMergeSpeakers::test_merge_noop_when_dst_missing PASSED [ 40%]
src\rob_box_voice\test\unit\utils\test_speaker_embeddings.py::TestMergeSpeakers::test_merge_noop_when_src_missing PASSED [ 41%]
src\rob_box_voice\test\unit\utils\test_speaker_embeddings.py::TestEmbedAudio::test_embed_audio_none_without_resemblyzer PASSED [ 41%]
src\rob_box_voice\test\unit\utils\test_speaker_embeddings.py::TestEmbedAudio::test_short_audio_returns_none_even_with_encoder PASSED [ 42%]
src\rob_box_voice\test\unit\utils\test_voice_registration.py::TestRegisterOrMergeSameVoice::test_second_call_same_voice_merges_into_existing_profile PASSED [ 43%]
src\rob_box_voice\test\unit\utils\test_voice_registration.py::TestRegisterOrMergeSameVoice::test_voice_at_threshold_boundary_merges PASSED [ 44%]
src\rob_box_voice\test\unit\utils\test_voice_registration.py::TestRegisterOrMergeSameVoice::test_repeated_merged_calls_keep_appending_not_duplicating PASSED [ 44%]
src\rob_box_voice\test\unit\utils\test_voice_registration.py::TestNameConflictKeepsBothProfiles::test_similar_voice_different_name_creates_separate_profile PASSED [ 45%]
src\rob_box_voice\test\unit\utils\test_voice_registration.py::TestNameConflictKeepsBothProfiles::test_conflict_is_reported_to_caller PASSED [ 46%]
src\rob_box_voice\test\unit\utils\test_voice_registration.py::TestNameConflictKeepsBothProfiles::test_no_conflict_fields_on_plain_registration PASSED [ 47%]
src\rob_box_voice\test\unit\utils\test_voice_registration.py::TestNameConflictKeepsBothProfiles::test_name_comparison_ignores_case_and_spaces PASSED [ 47%]
src\rob_box_voice\test\unit\utils\test_voice_registration.py::TestNameConflictKeepsBothProfiles::test_duplicate_from_conflict_is_repairable_by_merge_speakers PASSED [ 48%]
src\rob_box_voice\test\unit\utils\test_voice_registration.py::TestRegisterOrMergeContrastScenarios::test_different_voice_does_not_merge PASSED [ 49%]
src\rob_box_voice\test\unit\utils\test_voice_registration.py::TestRegisterOrMergeContrastScenarios::test_explicit_speaker_id_skips_similarity_check PASSED [ 50%]
src\rob_box_voice\test\unit\utils\test_act3_backlog_diarization.py::TestAct3CalibrationSanity::test_n302_cos_in_calibration_window PASSED [ 50%]
src\rob_box_voice\test\unit\utils\test_act3_backlog_diarization.py::TestAct3CalibrationSanity::test_n303_cos_above_both_thresholds PASSED [ 51%]
src\rob_box_voice\test\unit\utils\test_act3_backlog_diarization.py::TestAct3CalibrationSanity::test_n308_cos_above_both_thresholds PASSED [ 52%]
src\rob_box_voice\test\unit\utils\test_act3_backlog_diarization.py::TestAct3CalibrationSanity::test_boris_shifu_cross_voice_cos_791 PASSED [ 52%]
src\rob_box_voice\test\unit\utils\test_act3_backlog_diarization.py::TestAct3CalibrationSanity::test_neznakomcy_cos_below_threshold PASSED [ 53%]
src\rob_box_voice\test\unit\utils\test_act3_backlog_diarization.py::TestAct3N302Sasha::test_n302_identified_as_sasha PASSED [ 54%]
src\rob_box_voice\test\unit\utils\test_act3_backlog_diarization.py::TestAct3N302Sasha::test_n302_register_or_merge_creates_new_profile_below_threshold PASSED [ 55%]
src\rob_box_voice\test\unit\utils\test_act3_backlog_diarization.py::TestAct3N303N308Boris::test_n303_identified_as_boris_not_shifu PASSED [ 55%]
src\rob_box_voice\test\unit\utils\test_act3_backlog_diarization.py::TestAct3N303N308Boris::test_n308_identified_as_boris PASSED [ 56%]
src\rob_box_voice\test\unit\utils\test_act3_backlog_diarization.py::TestAct3N303N308Boris::test_n303_n308_register_or_merge_does_not_create_boris_duplicates PASSED [ 57%]
src\rob_box_voice\test\unit\utils\test_act3_backlog_diarization.py::TestAct3N304N305Unknown::test_n304_unknown_identified_as_none PASSED [ 58%]
src\rob_box_voice\test\unit\utils\test_act3_backlog_diarization.py::TestAct3N304N305Unknown::test_n305_unknown_identified_as_none PASSED [ 58%]
src\rob_box_voice\test\unit\utils\test_act3_backlog_diarization.py::TestAct3N304N305Unknown::test_two_unknown_voices_not_merged_into_one_profile PASSED [ 59%]
src\rob_box_voice\test\unit\utils\test_act3_backlog_diarization.py::TestAct3N304N305Unknown::test_unknown_voice_candidates_have_low_confidence PASSED [ 60%]
src\rob_box_voice\test\unit\utils\test_act3_backlog_diarization.py::TestAct3FullScenario::test_full_act3_n302_n303_n304_n305_n308_attribution PASSED [ 61%]
src\rob_box_voice\test\unit\utils\test_act3_backlog_diarization.py::TestAct3FullScenario::test_act3_with_register_or_merge_calibrated_threshold_no_w5_4_regression PASSED [ 61%]
src\rob_box_voice\test\test_speaker_profiles.py::TestSpeakerTracker::test_defaults PASSED [ 62%]
src\rob_box_voice\test\test_speaker_profiles.py::TestSpeakerTracker::test_no_tag_never_confirms PASSED [ 63%]
src\rob_box_voice\test\test_speaker_profiles.py::TestSpeakerTracker::test_two_consecutive_phrases_confirm PASSED [ 63%]
src\rob_box_voice\test\test_speaker_profiles.py::TestSpeakerTracker::test_short_phrase_does_not_confirm PASSED [ 64%]
src\rob_box_voice\test\test_speaker_profiles.py::TestSpeakerTracker::test_short_phrase_does_not_reset_streak PASSED [ 65%]
src\rob_box_voice\test\test_speaker_profiles.py::TestSpeakerTracker::test_unstable_tag_never_confirms PASSED [ 66%]
src\rob_box_voice\test\test_speaker_profiles.py::TestSpeakerTracker::test_speaker_change_resets_previous_streak PASSED [ 66%]
src\rob_box_voice\test\test_speaker_profiles.py::TestExtractSpeakerName::test_menya_zovut PASSED [ 67%]
src\rob_box_voice\test\test_speaker_profiles.py::TestExtractSpeakerName::test_zovut_menya PASSED [ 68%]
src\rob_box_voice\test\test_speaker_profiles.py::TestExtractSpeakerName::test_moe_imya PASSED [ 69%]
src\rob_box_voice\test\test_speaker_profiles.py::TestExtractSpeakerName::test_no_name_pattern PASSED [ 69%]
src\rob_box_voice\test\test_speaker_profiles.py::TestExtractSpeakerName::test_empty_text PASSED [ 70%]
src\rob_box_voice\test\test_speaker_profiles.py::TestExtractSpeakerName::test_wake_word_prefix PASSED [ 71%]
src\rob_box_voice\test\test_speaker_profiles.py::TestExtractSpeakerName::test_name_in_sentence PASSED [ 72%]
src\rob_box_voice\test\test_speaker_profiles.py::TestFormatSpeakerContext::test_profile_with_name PASSED [ 72%]
src\rob_box_voice\test\test_speaker_profiles.py::TestFormatSpeakerContext::test_is_new_flag PASSED [ 73%]
src\rob_box_voice\test\test_speaker_profiles.py::TestFormatSpeakerContext::test_facts_rendered PASSED [ 74%]
src\rob_box_voice\test\test_speaker_profiles.py::TestFormatSpeakerContext::test_empty_returns_none PASSED [ 75%]
src\rob_box_voice\test\test_identity_seam.py::test_acceptance_stable_identity_across_restart PASSED [ 75%]
src\rob_box_voice\test\test_identity_seam.py::test_voice_seam_merge_moves_embeddings_and_facts PASSED [ 76%]
src\rob_box_voice\test\test_epithets.py::test_lexicon_has_no_duplicate_epithets PASSED [ 77%]
src\rob_box_voice\test\test_epithets.py::test_every_keyword_cluster_has_epithets PASSED [ 77%]
src\rob_box_voice\test\test_epithets.py::test_extract_tags_finds_dominant_topic PASSED [ 78%]
src\rob_box_voice\test\test_epithets.py::test_extract_tags_ignores_too_short_input PASSED [ 79%]
src\rob_box_voice\test\test_epithets.py::test_extract_tags_empty_when_no_keywords PASSED [ 80%]
src\rob_box_voice\test\test_epithets.py::test_score_sentiment_range PASSED [ 80%]
src\rob_box_voice\test\test_epithets.py::test_epithet_is_deterministic_across_calls PASSED [ 81%]
src\rob_box_voice\test\test_epithets.py::test_two_namesakes_same_topic_get_different_epithets PASSED [ 82%]
src\rob_box_voice\test\test_epithets.py::test_epithet_falls_back_to_default_pool_without_topics PASSED [ 83%]
src\rob_box_voice\test\test_epithets.py::test_restless_sentiment_switches_default_pool PASSED [ 83%]
src\rob_box_voice\test\test_epithets.py::test_exhausted_pool_gets_numeric_suffix PASSED [ 84%]
src\rob_box_voice\test\test_epithets.py::test_should_review_respects_interval PASSED [ 85%]
src\rob_box_voice\test\test_epithets.py::test_find_distinctive_topic_only_for_new_dominant_theme PASSED [ 86%]
src\rob_box_voice\test\test_epithets.py::test_find_distinctive_topic_ignores_weak_theme PASSED [ 86%]
src\rob_box_voice\test\test_epithets.py::test_migration_adds_columns_to_legacy_db PASSED [ 87%]
src\rob_box_voice\test\test_epithets.py::test_migration_is_idempotent PASSED [ 88%]
src\rob_box_voice\test\test_epithets.py::test_set_epithet_writes_history PASSED [ 88%]
src\rob_box_voice\test\test_epithets.py::test_set_epithet_is_idempotent_for_same_label PASSED [ 89%]
src\rob_box_voice\test\test_epithets.py::test_set_epithet_rejects_unknown_speaker_and_empty_label PASSED [ 90%]
src\rob_box_voice\test\test_epithets.py::test_taken_epithets_excludes_self PASSED [ 91%]
src\rob_box_voice\test\test_epithets.py::test_identify_returns_epithet PASSED [ 91%]
src\rob_box_voice\test\test_epithets.py::test_identify_epithet_is_none_before_assignment PASSED [ 92%]
src\rob_box_voice\test\test_epithets.py::test_update_speaker_stats PASSED [ 93%]
src\rob_box_voice\test\test_epithets.py::test_list_speakers_exposes_epithet PASSED [ 94%]
src\rob_box_voice\test\test_epithets.py::test_broken_history_json_does_not_crash PASSED [ 94%]
src\rob_box_voice\test\test_epithets.py::test_end_to_end_two_namesakes_stay_distinguishable PASSED [ 95%]
src\rob_box_voice\test\test_epithets.py::test_llm_prompt_mentions_topic_and_replies PASSED [ 96%]
src\rob_box_voice\test\test_epithets.py::test_llm_prompt_survives_empty_history PASSED [ 97%]
src\rob_box_voice\test\test_epithets.py::test_sanitize_llm_epithet_accepts_single_word PASSED [ 97%]
src\rob_box_voice\test\test_epithets.py::test_sanitize_llm_epithet_takes_first_word_of_chatty_answer PASSED [ 98%]
src\rob_box_voice\test\test_epithets.py::test_sanitize_llm_epithet_rejects_garbage PASSED [ 99%]
src\rob_box_voice\test\test_epithets.py::test_sanitize_llm_epithet_rejects_taken_label PASSED [100%]

============================ 136 passed in 11.12s =============================
